
Showing logs for build [32mcb-kubecd-bdd-ghfjxy-1568418484-2ccrs-1[0m stage [32mmeta-pipeline[0m and container [32mstep-credential-initializer-vjxvv[0m
{"level":"warn","ts":1568419261.079349,"logger":"fallback-logger","caller":"logging/config.go:69","msg":"Fetch GitHub commit ID from kodata failed: \"ref: refs/heads/master\" is not a valid GitHub commit ID"}
{"level":"info","ts":1568419261.0799108,"logger":"fallback-logger","caller":"creds-init/main.go:40","msg":"Credentials initialized."}

Showing logs for build [32mcb-kubecd-bdd-ghfjxy-1568418484-2ccrs-1[0m stage [32mmeta-pipeline[0m and container [32mstep-working-dir-initializer-dmkjq[0m
{"level":"warn","ts":1568419262.2164845,"logger":"fallback-logger","caller":"logging/config.go:69","msg":"Fetch GitHub commit ID from kodata failed: open /var/run/ko/HEAD: no such file or directory"}
{"level":"info","ts":1568419262.2176666,"logger":"fallback-logger","caller":"bash/main.go:65","msg":"Successfully executed command \"mkdir -p /workspace/source\""}

Showing logs for build [32mcb-kubecd-bdd-ghfjxy-1568418484-2ccrs-1[0m stage [32mmeta-pipeline[0m and container [32mstep-place-tools[0m

Showing logs for build [32mcb-kubecd-bdd-ghfjxy-1568418484-2ccrs-1[0m stage [32mmeta-pipeline[0m and container [32mstep-git-source-meta-cb-kubecd-bdd-ghfjxy-15684-dcj64[0m
{"level":"warn","ts":1568419268.1969237,"logger":"fallback-logger","caller":"logging/config.go:69","msg":"Fetch GitHub commit ID from kodata failed: \"ref: refs/heads/master\" is not a valid GitHub commit ID"}
{"level":"info","ts":1568419269.2133927,"logger":"fallback-logger","caller":"git/git.go:102","msg":"Successfully cloned https://github.com/cb-kubecd/bdd-ghf**y-1568418484.git @ b4908730cb4b5f100505d646cfca5a61f95243dd in path /workspace/source"}

Showing logs for build [32mcb-kubecd-bdd-ghfjxy-1568418484-2ccrs-1[0m stage [32mmeta-pipeline[0m and container [32mstep-git-merge[0m
Using SHAs from PULL_REFS=master:b4908730cb4b5f100505d646cfca5a61f95243dd,1:7bb60f8cd609bbffd8706fd412d4f9fba2b605d3
DEBUG: ran git fetch --unshallow origin 7bb60f8cd609bbffd8706fd412d4f9fba2b605d3: b4908730cb4b5f100505d646cfca5a61f95243dd: in 
DEBUG: ran git checkout master in 
DEBUG: ran git reset --hard b4908730cb4b5f100505d646cfca5a61f95243dd in 
DEBUG: ran clean --force -d . in 
DEBUG: ran git merge 7bb60f8cd609bbffd8706fd412d4f9fba2b605d3 in 
Merged SHA 7bb60f8cd609bbffd8706fd412d4f9fba2b605d3 with commit message 'My first PR commit' into base branch master

Showing logs for build [32mcb-kubecd-bdd-ghfjxy-1568418484-2ccrs-1[0m stage [32mmeta-pipeline[0m and container [32mstep-merge-pull-refs[0m
DEBUG: ran git fetch origin 7bb60f8cd609bbffd8706fd412d4f9fba2b605d3: b4908730cb4b5f100505d646cfca5a61f95243dd: in 
DEBUG: Unshallowed git repo in 
DEBUG: ran git checkout master in 
DEBUG: ran git reset --hard b4908730cb4b5f100505d646cfca5a61f95243dd in 
DEBUG: ran clean --force -d . in 
DEBUG: ran git merge 7bb60f8cd609bbffd8706fd412d4f9fba2b605d3 in 
Merged SHA 7bb60f8cd609bbffd8706fd412d4f9fba2b605d3 with commit message 'My first PR commit' into base branch master

Showing logs for build [32mcb-kubecd-bdd-ghfjxy-1568418484-2ccrs-1[0m stage [32mmeta-pipeline[0m and container [32mstep-create-effective-pipeline[0m
Deleting and cloning the Jenkins X versions repo
Cloning the Jenkins X versions repo https://github.com/jenkins-x/jenkins-x-versions.git with ref refs/heads/master to /builder/home/.**/jenkins-x-versions
performing pack detection in folder /workspace/source
--> Draft detected YAML (67.752116%)
--> Could not find a pack for YAML. Trying to find the next likely language match...
--> Draft detected RPM Spec (14.854397%)
--> Could not find a pack for RPM Spec. Trying to find the next likely language match...
--> Draft detected Coq (6.799598%)
--> Could not find a pack for Coq. Trying to find the next likely language match...
--> Draft detected Smarty (3.701047%)
--> Could not find a pack for Smarty. Trying to find the next likely language match...
--> Draft detected Go (2.904892%)
selected pack: /builder/home/.**/draft/packs/github.com/jenkins-x-buildpacks/jenkins-x-kubernetes/packs/go
Effective pipeline written to jenkins-x-serverless-jenkins-effective.yml

Showing logs for build [32mcb-kubecd-bdd-ghfjxy-1568418484-2ccrs-1[0m stage [32mmeta-pipeline[0m and container [32mstep-create-tekton-crds[0m
PipelineActivity for cb-kubecd-bdd-ghf**y-1568418484-PR-1-1
Applying changes 
upserted PipelineResource cb-kubecd-bdd-ghf**y-1568418484 for the git repository https://github.com/cb-kubecd/bdd-ghf**y-1568418484.git
upserted Task cb-kubecd-bdd-ghf**y-1568418484-2ccrs-run-make-1
upserted Task cb-kubecd-bdd-ghf**y-1568418484-2ccrs-everything-else-1
upserted Pipeline cb-kubecd-bdd-ghf**y-1568418484-2ccrs-1
created PipelineRun cb-kubecd-bdd-ghf**y-1568418484-2ccrs-1
created PipelineStructure cb-kubecd-bdd-ghf**y-1568418484-2ccrs-1

Showing logs for build [32mcb-kubecd-bdd-ghfjxy-1568418484-2ccrs-1[0m stage [32mrun-make[0m and container [32mstep-credential-initializer-rcs79[0m
{"level":"warn","ts":1568419293.1051092,"logger":"fallback-logger","caller":"logging/config.go:69","msg":"Fetch GitHub commit ID from kodata failed: \"ref: refs/heads/master\" is not a valid GitHub commit ID"}
{"level":"info","ts":1568419293.1057734,"logger":"fallback-logger","caller":"creds-init/main.go:40","msg":"Credentials initialized."}

Showing logs for build [32mcb-kubecd-bdd-ghfjxy-1568418484-2ccrs-1[0m stage [32mrun-make[0m and container [32mstep-working-dir-initializer-9wssj[0m
{"level":"warn","ts":1568419294.4960105,"logger":"fallback-logger","caller":"logging/config.go:69","msg":"Fetch GitHub commit ID from kodata failed: open /var/run/ko/HEAD: no such file or directory"}
{"level":"info","ts":1568419294.4977179,"logger":"fallback-logger","caller":"bash/main.go:65","msg":"Successfully executed command \"mkdir -p /workspace/source\""}

Showing logs for build [32mcb-kubecd-bdd-ghfjxy-1568418484-2ccrs-1[0m stage [32mrun-make[0m and container [32mstep-place-tools[0m

Showing logs for build [32mcb-kubecd-bdd-ghfjxy-1568418484-2ccrs-1[0m stage [32mrun-make[0m and container [32mstep-git-source-cb-kubecd-bdd-ghfjxy-1568418484-zczb9[0m
{"level":"warn","ts":1568419299.6044686,"logger":"fallback-logger","caller":"logging/config.go:69","msg":"Fetch GitHub commit ID from kodata failed: \"ref: refs/heads/master\" is not a valid GitHub commit ID"}
{"level":"info","ts":1568419300.6555293,"logger":"fallback-logger","caller":"git/git.go:102","msg":"Successfully cloned https://github.com/cb-kubecd/bdd-ghf**y-1568418484.git @ master in path /workspace/source"}

Showing logs for build [32mcb-kubecd-bdd-ghfjxy-1568418484-2ccrs-1[0m stage [32mrun-make[0m and container [32mstep-git-merge[0m
Using SHAs from PULL_REFS=master:b4908730cb4b5f100505d646cfca5a61f95243dd,1:7bb60f8cd609bbffd8706fd412d4f9fba2b605d3
DEBUG: ran git fetch --unshallow origin 7bb60f8cd609bbffd8706fd412d4f9fba2b605d3: b4908730cb4b5f100505d646cfca5a61f95243dd: in 
DEBUG: ran git checkout master in 
DEBUG: ran git reset --hard b4908730cb4b5f100505d646cfca5a61f95243dd in 
DEBUG: ran clean --force -d . in 
DEBUG: ran git merge 7bb60f8cd609bbffd8706fd412d4f9fba2b605d3 in 
Merged SHA 7bb60f8cd609bbffd8706fd412d4f9fba2b605d3 with commit message 'My first PR commit' into base branch master

Showing logs for build [32mcb-kubecd-bdd-ghfjxy-1568418484-2ccrs-1[0m stage [32mrun-make[0m and container [32mstep-build-make-linux[0m
CGO_ENABLED=0 GOOS=linux GOARCH=amd64 GO15VENDOREXPERIMENT=1 go build -ldflags '' -o bin/bdd-ghf**y-1568418484 main.go

Showing logs for build [32mcb-kubecd-bdd-ghfjxy-1568418484-2ccrs-1[0m stage [32mrun-make[0m and container [32mstep-source-mkdir-cb-kubecd-bdd-ghfjxy-1568418484-lvg9m[0m
{"level":"warn","ts":1568419309.7319696,"logger":"fallback-logger","caller":"logging/config.go:69","msg":"Fetch GitHub commit ID from kodata failed: open /var/run/ko/HEAD: no such file or directory"}
{"level":"info","ts":1568419309.755959,"logger":"fallback-logger","caller":"bash/main.go:65","msg":"Successfully executed command \"mkdir -p /pvc/run-make/workspace\""}

Showing logs for build [32mcb-kubecd-bdd-ghfjxy-1568418484-2ccrs-1[0m stage [32mrun-make[0m and container [32mstep-source-copy-cb-kubecd-bdd-ghfjxy-1568418484-qtbbr[0m
{"level":"warn","ts":1568419310.1680832,"logger":"fallback-logger","caller":"logging/config.go:69","msg":"Fetch GitHub commit ID from kodata failed: open /var/run/ko/HEAD: no such file or directory"}
{"level":"info","ts":1568419310.184779,"logger":"fallback-logger","caller":"bash/main.go:65","msg":"Successfully executed command \"cp -r /workspace/source/. /pvc/run-make/workspace\""}

Showing logs for build [32mcb-kubecd-bdd-ghfjxy-1568418484-2ccrs-1[0m stage [32meverything-else[0m and container [32mstep-credential-initializer-cm586[0m
{"level":"warn","ts":1568419321.5653515,"logger":"fallback-logger","caller":"logging/config.go:69","msg":"Fetch GitHub commit ID from kodata failed: \"ref: refs/heads/master\" is not a valid GitHub commit ID"}
{"level":"info","ts":1568419321.5659254,"logger":"fallback-logger","caller":"creds-init/main.go:40","msg":"Credentials initialized."}

Showing logs for build [32mcb-kubecd-bdd-ghfjxy-1568418484-2ccrs-1[0m stage [32meverything-else[0m and container [32mstep-working-dir-initializer-4lhtm[0m
{"level":"warn","ts":1568419322.9330206,"logger":"fallback-logger","caller":"logging/config.go:69","msg":"Fetch GitHub commit ID from kodata failed: open /var/run/ko/HEAD: no such file or directory"}
{"level":"info","ts":1568419322.934381,"logger":"fallback-logger","caller":"bash/main.go:65","msg":"Successfully executed command \"mkdir -p /workspace/source /workspace/source/charts/preview\""}

Showing logs for build [32mcb-kubecd-bdd-ghfjxy-1568418484-2ccrs-1[0m stage [32meverything-else[0m and container [32mstep-place-tools[0m

Showing logs for build [32mcb-kubecd-bdd-ghfjxy-1568418484-2ccrs-1[0m stage [32meverything-else[0m and container [32mstep-create-dir-workspace-kxr7r[0m
{"level":"warn","ts":1568419328.1300716,"logger":"fallback-logger","caller":"logging/config.go:69","msg":"Fetch GitHub commit ID from kodata failed: open /var/run/ko/HEAD: no such file or directory"}
{"level":"info","ts":1568419328.1326807,"logger":"fallback-logger","caller":"bash/main.go:65","msg":"Successfully executed command \"mkdir -p /workspace/source\""}

Showing logs for build [32mcb-kubecd-bdd-ghfjxy-1568418484-2ccrs-1[0m stage [32meverything-else[0m and container [32mstep-source-copy-workspace-rndcv[0m
{"level":"warn","ts":1568419328.4899004,"logger":"fallback-logger","caller":"logging/config.go:69","msg":"Fetch GitHub commit ID from kodata failed: open /var/run/ko/HEAD: no such file or directory"}
{"level":"info","ts":1568419328.9523854,"logger":"fallback-logger","caller":"bash/main.go:65","msg":"Successfully executed command \"cp -r /pvc/run-make/workspace/. /workspace/source\""}

Showing logs for build [32mcb-kubecd-bdd-ghfjxy-1568418484-2ccrs-1[0m stage [32meverything-else[0m and container [32mstep-build-container-build[0m
[36mINFO[0m[0000] No base image, nothing to extract            
[36mINFO[0m[0000] cmd: EXPOSE                                  
[36mINFO[0m[0000] Adding exposed port: 8080/tcp                
[36mINFO[0m[0000] Using files from context: [/workspace/source/bin] 
[36mINFO[0m[0000] Skipping unpacking as no commands require it. 
[36mINFO[0m[0000] Taking snapshot of full filesystem...        
[36mINFO[0m[0000] EXPOSE 8080                                  
[36mINFO[0m[0000] cmd: EXPOSE                                  
[36mINFO[0m[0000] Adding exposed port: 8080/tcp                
[36mINFO[0m[0000] No files changed in this command, skipping snapshotting. 
[36mINFO[0m[0000] ENTRYPOINT ["/bdd-ghf**y-1568418484"]        
[36mINFO[0m[0000] No files changed in this command, skipping snapshotting. 
[36mINFO[0m[0000] Using files from context: [/workspace/source/bin] 
[36mINFO[0m[0000] COPY ./bin/ /                                
[36mINFO[0m[0000] Taking snapshot of files...                  
2019/09/14 00:02:13 pushed blob: sha256:2a6416055b1430b927f24e47e5e1728b448242c6f9f4ee851e27867d135f828f
2019/09/14 00:02:14 pushed blob: sha256:69f02f5d37c948c34741cae026d81da8ed0cc2b32bf545b2297e755f7f9db675
2019/09/14 00:02:16 gcr.io/jenkins-x-bdd3/bdd-ghf**y-1568418484:0.0.0-SNAPSHOT-PR-1-1: digest: sha256:7d8171229065068fe99b9374299bf8cd3fed9f7c7a6988a06bc17f4ac380d629 size: 428

Showing logs for build [32mcb-kubecd-bdd-ghfjxy-1568418484-2ccrs-1[0m stage [32meverything-else[0m and container [32mstep-postbuild-post-build[0m
no CVE provider running in the current ** namespace so skip adding image to be analysed

Showing logs for build [32mcb-kubecd-bdd-ghfjxy-1568418484-2ccrs-1[0m stage [32meverything-else[0m and container [32mstep-promote-make-preview[0m
sed -i -e "s/version:.*/version: 0.0.0-SNAPSHOT-PR-1-1/" Chart.yaml
sed -i -e "s/version:.*/version: 0.0.0-SNAPSHOT-PR-1-1/" ../*/Chart.yaml
sed -i -e "s|repository:.*|repository: gcr.io\/jenkins-x-bdd3\/bdd-ghf**y-1568418484|" values.yaml
sed -i -e "s/tag:.*/tag: 0.0.0-SNAPSHOT-PR-1-1/" values.yaml
echo "  version: 0.0.0-SNAPSHOT-PR-1-1" >> requirements.yaml
** step helm build
WARNING: No $CHART_REPOSITORY defined so using the default value of: http://jenkins-x-chartmuseum:8080
Adding missing Helm repo: storage.googleapis.com https://storage.googleapis.com/chartmuseum.jenkins-x.io
Successfully added Helm repository storage.googleapis.com.
Adding missing Helm repo: jenkins-x-chartmuseum http://jenkins-x-chartmuseum:8080
Successfully added Helm repository jenkins-x-chartmuseum.
WARNING: No $CHART_REPOSITORY defined so using the default value of: http://jenkins-x-chartmuseum:8080
Adding missing Helm repo: chartmuseum.jenkins-x.io http://chartmuseum.jenkins-x.io
Successfully added Helm repository chartmuseum.jenkins-x.io.

Showing logs for build [32mcb-kubecd-bdd-ghfjxy-1568418484-2ccrs-1[0m stage [32meverything-else[0m and container [32mstep-promote-jx-preview[0m
Creating a preview
WARNING: No author for commit: 7bb60f8cd609bbffd8706fd412d4f9fba2b605d3
Created environment cb-kubecd-bdd-ghf**y-1568418484-pr-1
Namespace **-cb-kubecd-bdd-ghf**y-1568418484-pr-1 created 
expose:
  Annotations:
    helm.sh/hook: post-install,post-upgrade
    helm.sh/hook-delete-policy: hook-succeeded
  config:
    domain: 34.77.132.135.nip.io
    exposer: Ingress
    http: "true"
preview:
  image:
    repository: gcr.io/jenkins-x-bdd3/bdd-ghf**y-1568418484
    tag: 0.0.0-SNAPSHOT-PR-1-1
Deleting and cloning the Jenkins X versions repo
Cloning the Jenkins X versions repo https://github.com/jenkins-x/jenkins-x-versions.git with ref refs/heads/master to /builder/home/.**/jenkins-x-versions


Updating PipelineActivities cb-kubecd-bdd-ghf**y-1568418484-pr-1-1 which has status Running
Preview application is now available at: http://bdd-ghf**y-1568418484.**-cb-kubecd-bdd-ghf**y-1568418484-pr-1.34.77.132.135.nip.io
